<?xml version="1.0" encoding="UTF-8"?>
<!-- Generated by org.testng.reporters.JUnitReportReporter -->
<testsuite skipped="0" hostname="YP1009099DT" name="com.RestAssured.tests.SimpleGetTest" tests="1" failures="0" timestamp="26 Feb 2019 09:41:50 GMT" time="3.474" errors="0">
  <testcase name="simpleGetTest" time="3.474" classname="com.RestAssured.tests.SimpleGetTest"/>
</testsuite> <!-- com.RestAssured.tests.SimpleGetTest -->
